2016-05-18 13:25:23 [192.168.11.6][-][-][warning][yii\debug\Module::checkAccess] Access to debugger is denied due to IP address restriction. The requesting IP address is 192.168.11.6
    in /var/www/html/basic/views/layouts/main.php:75
    in /var/www/html/basic/controllers/SiteController.php:52
2016-05-18 13:25:23 [192.168.11.6][-][-][info][application] $_SERVER = [
    'UNIQUE_ID' => 'VzxtQ0fDvXGNen0hTkoVxwAAAAQ'
    'HTTP_HOST' => '192.168.11.16'
    'HTTP_CONNECTION' => 'keep-alive'
    'HTTP_ACCEPT' => 'text/html,application/xhtml+xml,application/xml;q=0.9,image/webp,*/*;q=0.8'
    'HTTP_UPGRADE_INSECURE_REQUESTS' => '1'
    'HTTP_USER_AGENT' => 'Mozilla/5.0 (Windows NT 10.0; WOW64) AppleWebKit/537.36 (KHTML, like Gecko) Chrome/50.0.2661.102 Safari/537.36'
    'HTTP_ACCEPT_ENCODING' => 'gzip, deflate, sdch'
    'HTTP_ACCEPT_LANGUAGE' => 'ja,en-US;q=0.8,en;q=0.6'
    'HTTP_IF_NONE_MATCH' => '\"5f-53309597ed9a8\"'
    'HTTP_IF_MODIFIED_SINCE' => 'Tue, 17 May 2016 13:02:12 GMT'
    'PATH' => '/usr/local/sbin:/usr/local/bin:/usr/sbin:/usr/bin'
    'SERVER_SIGNATURE' => ''
    'SERVER_SOFTWARE' => 'Apache/2.4.6 (CentOS) PHP/5.6.21'
    'SERVER_NAME' => '192.168.11.16'
    'SERVER_ADDR' => '192.168.11.16'
    'SERVER_PORT' => '80'
    'REMOTE_ADDR' => '192.168.11.6'
    'DOCUMENT_ROOT' => '/var/www/html/basic/web'
    'REQUEST_SCHEME' => 'http'
    'CONTEXT_PREFIX' => ''
    'CONTEXT_DOCUMENT_ROOT' => '/var/www/html/basic/web'
    'SERVER_ADMIN' => 'root@localhost'
    'SCRIPT_FILENAME' => '/var/www/html/basic/web/index.php'
    'REMOTE_PORT' => '49848'
    'GATEWAY_INTERFACE' => 'CGI/1.1'
    'SERVER_PROTOCOL' => 'HTTP/1.1'
    'REQUEST_METHOD' => 'GET'
    'QUERY_STRING' => ''
    'REQUEST_URI' => '/'
    'SCRIPT_NAME' => '/index.php'
    'PHP_SELF' => '/index.php'
    'REQUEST_TIME_FLOAT' => 1463577923.576
    'REQUEST_TIME' => 1463577923
]
2016-05-22 07:28:04 [192.168.11.6][-][-][warning][yii\debug\Module::checkAccess] Access to debugger is denied due to IP address restriction. The requesting IP address is 192.168.11.6
    in /var/www/html/basic/views/layouts/main.php:75
    in /var/www/html/basic/controllers/SiteController.php:52
2016-05-22 07:28:04 [192.168.11.6][-][-][info][application] $_SERVER = [
    'UNIQUE_ID' => 'V0FfhGvXDeeNnyX9pRnRKAAAAAI'
    'HTTP_HOST' => '192.168.11.16'
    'HTTP_CONNECTION' => 'keep-alive'
    'HTTP_ACCEPT' => 'text/html,application/xhtml+xml,application/xml;q=0.9,image/webp,*/*;q=0.8'
    'HTTP_UPGRADE_INSECURE_REQUESTS' => '1'
    'HTTP_USER_AGENT' => 'Mozilla/5.0 (Windows NT 10.0; WOW64) AppleWebKit/537.36 (KHTML, like Gecko) Chrome/50.0.2661.102 Safari/537.36'
    'HTTP_ACCEPT_ENCODING' => 'gzip, deflate, sdch'
    'HTTP_ACCEPT_LANGUAGE' => 'ja,en-US;q=0.8,en;q=0.6'
    'PATH' => '/usr/local/sbin:/usr/local/bin:/usr/sbin:/usr/bin'
    'SERVER_SIGNATURE' => ''
    'SERVER_SOFTWARE' => 'Apache/2.4.6 (CentOS) PHP/5.6.21'
    'SERVER_NAME' => '192.168.11.16'
    'SERVER_ADDR' => '192.168.11.16'
    'SERVER_PORT' => '80'
    'REMOTE_ADDR' => '192.168.11.6'
    'DOCUMENT_ROOT' => '/var/www/html/basic/web'
    'REQUEST_SCHEME' => 'http'
    'CONTEXT_PREFIX' => ''
    'CONTEXT_DOCUMENT_ROOT' => '/var/www/html/basic/web'
    'SERVER_ADMIN' => 'root@localhost'
    'SCRIPT_FILENAME' => '/var/www/html/basic/web/index.php'
    'REMOTE_PORT' => '62928'
    'GATEWAY_INTERFACE' => 'CGI/1.1'
    'SERVER_PROTOCOL' => 'HTTP/1.1'
    'REQUEST_METHOD' => 'GET'
    'QUERY_STRING' => ''
    'REQUEST_URI' => '/'
    'SCRIPT_NAME' => '/index.php'
    'PHP_SELF' => '/index.php'
    'REQUEST_TIME_FLOAT' => 1463902084.524
    'REQUEST_TIME' => 1463902084
]
2016-05-22 07:39:30 [192.168.11.6][-][-][warning][yii\debug\Module::checkAccess] Access to debugger is denied due to IP address restriction. The requesting IP address is 192.168.11.6
    in /var/www/html/basic/views/layouts/main.php:75
    in /var/www/html/basic/controllers/SiteController.php:52
2016-05-22 07:39:30 [192.168.11.6][-][-][info][application] $_SERVER = [
    'UNIQUE_ID' => 'V0FiMmvXDeeNnyX9pRnRKgAAAAI'
    'HTTP_USER_AGENT' => 'PhpStorm/145.258'
    'HTTP_ACCEPT_ENCODING' => 'gzip'
    'HTTP_CACHE_CONTROL' => 'no-cache'
    'HTTP_PRAGMA' => 'no-cache'
    'HTTP_HOST' => '192.168.11.16'
    'HTTP_ACCEPT' => 'text/html, image/gif, image/jpeg, *; q=.2, */*; q=.2'
    'HTTP_CONNECTION' => 'keep-alive'
    'PATH' => '/usr/local/sbin:/usr/local/bin:/usr/sbin:/usr/bin'
    'SERVER_SIGNATURE' => ''
    'SERVER_SOFTWARE' => 'Apache/2.4.6 (CentOS) PHP/5.6.21'
    'SERVER_NAME' => '192.168.11.16'
    'SERVER_ADDR' => '192.168.11.16'
    'SERVER_PORT' => '80'
    'REMOTE_ADDR' => '192.168.11.6'
    'DOCUMENT_ROOT' => '/var/www/html/basic/web'
    'REQUEST_SCHEME' => 'http'
    'CONTEXT_PREFIX' => ''
    'CONTEXT_DOCUMENT_ROOT' => '/var/www/html/basic/web'
    'SERVER_ADMIN' => 'root@localhost'
    'SCRIPT_FILENAME' => '/var/www/html/basic/web/index.php'
    'REMOTE_PORT' => '64216'
    'GATEWAY_INTERFACE' => 'CGI/1.1'
    'SERVER_PROTOCOL' => 'HTTP/1.1'
    'REQUEST_METHOD' => 'GET'
    'QUERY_STRING' => ''
    'REQUEST_URI' => '/'
    'SCRIPT_NAME' => '/index.php'
    'PHP_SELF' => '/index.php'
    'REQUEST_TIME_FLOAT' => 1463902770.155
    'REQUEST_TIME' => 1463902770
]
2016-05-22 07:39:30 [192.168.11.6][-][-][warning][yii\debug\Module::checkAccess] Access to debugger is denied due to IP address restriction. The requesting IP address is 192.168.11.6
    in /var/www/html/basic/views/layouts/main.php:75
    in /var/www/html/basic/controllers/SiteController.php:52
2016-05-22 07:39:30 [192.168.11.6][-][-][info][application] $_SERVER = [
    'UNIQUE_ID' => 'V0FiMqqRpL3YmSuiK8IoFQAAAAQ'
    'HTTP_USER_AGENT' => 'PhpStorm/145.258'
    'HTTP_ACCEPT_ENCODING' => 'gzip'
    'HTTP_CACHE_CONTROL' => 'no-cache'
    'HTTP_PRAGMA' => 'no-cache'
    'HTTP_HOST' => '192.168.11.16'
    'HTTP_ACCEPT' => 'text/html, image/gif, image/jpeg, *; q=.2, */*; q=.2'
    'HTTP_CONNECTION' => 'keep-alive'
    'PATH' => '/usr/local/sbin:/usr/local/bin:/usr/sbin:/usr/bin'
    'SERVER_SIGNATURE' => ''
    'SERVER_SOFTWARE' => 'Apache/2.4.6 (CentOS) PHP/5.6.21'
    'SERVER_NAME' => '192.168.11.16'
    'SERVER_ADDR' => '192.168.11.16'
    'SERVER_PORT' => '80'
    'REMOTE_ADDR' => '192.168.11.6'
    'DOCUMENT_ROOT' => '/var/www/html/basic/web'
    'REQUEST_SCHEME' => 'http'
    'CONTEXT_PREFIX' => ''
    'CONTEXT_DOCUMENT_ROOT' => '/var/www/html/basic/web'
    'SERVER_ADMIN' => 'root@localhost'
    'SCRIPT_FILENAME' => '/var/www/html/basic/web/index.php'
    'REMOTE_PORT' => '64217'
    'GATEWAY_INTERFACE' => 'CGI/1.1'
    'SERVER_PROTOCOL' => 'HTTP/1.1'
    'REQUEST_METHOD' => 'GET'
    'QUERY_STRING' => ''
    'REQUEST_URI' => '/'
    'SCRIPT_NAME' => '/index.php'
    'PHP_SELF' => '/index.php'
    'REQUEST_TIME_FLOAT' => 1463902770.171
    'REQUEST_TIME' => 1463902770
]
2016-05-22 07:41:02 [192.168.11.6][-][-][warning][yii\debug\Module::checkAccess] Access to debugger is denied due to IP address restriction. The requesting IP address is 192.168.11.6
    in /var/www/html/basic/views/layouts/main.php:75
    in /var/www/html/basic/controllers/SiteController.php:52
2016-05-22 07:41:02 [192.168.11.6][-][-][info][application] $_COOKIE = [
    '_csrf' => '33ce7a0f5112a735216365004293985a0003dc0a54d171191cbcba459d552060a:2:{i:0;s:5:\"_csrf\";i:1;s:32:\"3HiytpfL1bzwuv7BVM6AaO_IHbMR-hig\";}'
]

$_SERVER = [
    'UNIQUE_ID' => 'V0FijqAP3xbx0ChtVzOaGQAAAAA'
    'HTTP_HOST' => '192.168.11.16'
    'HTTP_CONNECTION' => 'keep-alive'
    'HTTP_ACCEPT' => 'text/html,application/xhtml+xml,application/xml;q=0.9,image/webp,*/*;q=0.8'
    'HTTP_UPGRADE_INSECURE_REQUESTS' => '1'
    'HTTP_USER_AGENT' => 'Mozilla/5.0 (Windows NT 10.0; WOW64) AppleWebKit/537.36 (KHTML, like Gecko) Chrome/50.0.2661.102 Safari/537.36'
    'HTTP_ACCEPT_ENCODING' => 'gzip, deflate, sdch'
    'HTTP_ACCEPT_LANGUAGE' => 'ja,en-US;q=0.8,en;q=0.6'
    'HTTP_COOKIE' => '_csrf=33ce7a0f5112a735216365004293985a0003dc0a54d171191cbcba459d552060a%3A2%3A%7Bi%3A0%3Bs%3A5%3A%22_csrf%22%3Bi%3A1%3Bs%3A32%3A%223HiytpfL1bzwuv7BVM6AaO_IHbMR-hig%22%3B%7D'
    'PATH' => '/usr/local/sbin:/usr/local/bin:/usr/sbin:/usr/bin'
    'SERVER_SIGNATURE' => ''
    'SERVER_SOFTWARE' => 'Apache/2.4.6 (CentOS) PHP/5.6.21'
    'SERVER_NAME' => '192.168.11.16'
    'SERVER_ADDR' => '192.168.11.16'
    'SERVER_PORT' => '80'
    'REMOTE_ADDR' => '192.168.11.6'
    'DOCUMENT_ROOT' => '/var/www/html/basic/web'
    'REQUEST_SCHEME' => 'http'
    'CONTEXT_PREFIX' => ''
    'CONTEXT_DOCUMENT_ROOT' => '/var/www/html/basic/web'
    'SERVER_ADMIN' => 'root@localhost'
    'SCRIPT_FILENAME' => '/var/www/html/basic/web/index.php'
    'REMOTE_PORT' => '64329'
    'GATEWAY_INTERFACE' => 'CGI/1.1'
    'SERVER_PROTOCOL' => 'HTTP/1.1'
    'REQUEST_METHOD' => 'GET'
    'QUERY_STRING' => ''
    'REQUEST_URI' => '/'
    'SCRIPT_NAME' => '/index.php'
    'PHP_SELF' => '/index.php'
    'REQUEST_TIME_FLOAT' => 1463902862.258
    'REQUEST_TIME' => 1463902862
]
